<?xml version="1.0" encoding="UTF-8"?>
<testsuite xmlns:xsi="http://www.w3.org/2001/XMLSchema-instance" xsi:noNamespaceSchemaLocation="https://maven.apache.org/surefire/maven-surefire-plugin/xsd/surefire-test-report-3.0.xsd" version="3.0" name="com.upb.agripos.service.CartServiceTest" time="0.229" tests="10" errors="0" skipped="0" failures="0">
  <properties>
[...]
</properties>
  <testcase name="testAddItemWithZeroQuantity" classname="com.upb.agripos.service.CartServiceTest" time="0.011"/>
  <testcase name="testEmptyCartOnInitialization" classname="com.upb.agripos.service.CartServiceTest" time="0.0"/>
  <testcase name="testAddNonExistentProduct" classname="com.upb.agripos.service.CartServiceTest" time="0.019"/>
  <testcase name="testAddSingleItemToCart" classname="com.upb.agripos.service.CartServiceTest" time="0.003"/>
  <testcase name="testClearCart" classname="com.upb.agripos.service.CartServiceTest" time="0.004"/>
  <testcase name="testAccurateTotalCalculation" classname="com.upb.agripos.service.CartServiceTest" time="0.0"/>
  <testcase name="testAddDuplicateItemToCart" classname="com.upb.agripos.service.CartServiceTest" time="0.001"/>
  <testcase name="testRemoveItemFromCart" classname="com.upb.agripos.service.CartServiceTest" time="0.002"/>
  <testcase name="testAddMultipleDifferentItems" classname="com.upb.agripos.service.CartServiceTest" time="0.001"/>
  <testcase name="testAddItemWithInsufficientStock" classname="com.upb.agripos.service.CartServiceTest" time="0.016"/>
</testsuite>